Running tests ...
[1A[KRunning 140 tests in 1 runtime ...
[1A[K[1m[32mRunning 140 tests in 1 runtime ... 63% done[0m
[1A[K[1m[32mRunning 140 tests in 1 runtime ... 94% done[0m
[1A[K[1m[32m140 tests, 622 assertions, 1 runtime ... OK[0m
-----------------------|-----------|-----------|-----------|-----------|
File                   |   % Stmts |% Branches |   % Funcs |   % Lines |
-----------------------|-----------|-----------|-----------|-----------|
   lib/                |     90.89 |     88.61 |     85.07 |     90.85 |
      bot.js           |       100 |     95.45 |       100 |       100 |
      cli.js           |     77.24 |     72.73 |     67.35 |     77.24 |
      consolestream.js |       100 |       100 |       100 |       100 |
      irc.js           |       100 |       100 |       100 |       100 |
      jenkins.js       |     94.71 |     96.83 |     92.16 |     94.71 |
   lib/cli/            |       100 |       100 |       100 |       100 |
      jenkins.js       |       100 |       100 |       100 |       100 |
      job.js           |       100 |       100 |       100 |       100 |
      util.js          |       100 |       100 |       100 |       100 |
      view.js          |       100 |       100 |       100 |       100 |
   lib/http/           |       100 |       100 |       100 |       100 |
      jenkins.js       |       100 |       100 |       100 |       100 |
      job.js           |       100 |       100 |       100 |       100 |
      util.js          |       100 |       100 |       100 |       100 |
      view.js          |       100 |       100 |       100 |       100 |
-----------------------|-----------|-----------|-----------|-----------|
All files              |     94.21 |     89.16 |     90.65 |     94.19 |
-----------------------|-----------|-----------|-----------|-----------|


=============================== Coverage summary ===============================
Statements   : 94.21% ( 634/673 )
Branches     : 89.16% ( 148/166 )
Functions    : 90.65% ( 194/214 )
Lines        : 94.19% ( 632/671 )
================================================================================
